# JRE version: OpenJDK Runtime Environment (11.0.12+7) (build 11.0.12+7-b1504.28-7817840)
# Java VM: OpenJDK 64-Bit Server VM (11.0.12+7-b1504.28-7817840, mixed mode, tiered, compressed oops, g1 gc, windows-amd64)
Heap:
 garbage-first heap   total 273408K, used 158878K [0x0000000080000000, 0x0000000100000000)
  region size 1024K, 17 young (17408K), 3 survivors (3072K)
 Metaspace       used 124630K, capacity 127620K, committed 127872K, reserved 1161216K
  class space    used 15523K, capacity 16722K, committed 16768K, reserved 1048576K
GC Heap History (20 events):
Event: 4626.038 GC heap before
{Heap before GC invocations=55 (full 0):
 garbage-first heap   total 227328K, used 173997K [0x0000000080000000, 0x0000000100000000)
  region size 1024K, 53 young (54272K), 2 survivors (2048K)
 Metaspace       used 110649K, capacity 113164K, committed 113664K, reserved 1148928K
  class space    used 13699K, capacity 14655K, committed 14848K, reserved 1048576K
}
Event: 4626.044 GC heap after
{Heap after GC invocations=56 (full 0):
 garbage-first heap   total 227328K, used 126000K [0x0000000080000000, 0x0000000100000000)
  region size 1024K, 5 young (5120K), 5 survivors (5120K)
 Metaspace       used 110649K, capacity 113164K, committed 113664K, reserved 1148928K
  class space    used 13699K, capacity 14655K, committed 14848K, reserved 1048576K
}
Event: 4626.122 GC heap before
{Heap before GC invocations=56 (full 0):
 garbage-first heap   total 227328K, used 132144K [0x0000000080000000, 0x0000000100000000)
  region size 1024K, 11 young (11264K), 5 survivors (5120K)
 Metaspace       used 110905K, capacity 113383K, committed 113920K, reserved 1148928K
  class space    used 13723K, capacity 14698K, committed 14848K, reserved 1048576K
}
Event: 4626.131 GC heap after
{Heap after GC invocations=57 (full 0):
 garbage-first heap   total 227328K, used 118242K [0x0000000080000000, 0x0000000100000000)
  region size 1024K, 1 young (1024K), 1 survivors (1024K)
 Metaspace       used 110905K, capacity 113383K, committed 113920K, reserved 1148928K
  class space    used 13723K, capacity 14698K, committed 14848K, reserved 1048576K
}
Event: 4626.763 GC heap before
{Heap before GC invocations=57 (full 0):
 garbage-first heap   total 227328K, used 174562K [0x0000000080000000, 0x0000000100000000)
  region size 1024K, 57 young (58368K), 1 survivors (1024K)
 Metaspace       used 112370K, capacity 114907K, committed 115328K, reserved 1148928K
  class space    used 13917K, capacity 14860K, committed 14976K, reserved 1048576K
}
Event: 4626.769 GC heap after
{Heap after GC invocations=58 (full 0):
 garbage-first heap   total 227328K, used 122738K [0x0000000080000000, 0x0000000100000000)
  region size 1024K, 6 young (6144K), 6 survivors (6144K)
 Metaspace       used 112370K, capacity 114907K, committed 115328K, reserved 1148928K
  class space    used 13917K, capacity 14860K, committed 14976K, reserved 1048576K
}
Event: 4627.144 GC heap before
{Heap before GC invocations=58 (full 0):
 garbage-first heap   total 227328K, used 165746K [0x0000000080000000, 0x0000000100000000)
  region size 1024K, 50 young (51200K), 6 survivors (6144K)
 Metaspace       used 114561K, capacity 117137K, committed 117376K, reserved 1150976K
  class space    used 14210K, capacity 15178K, committed 15232K, reserved 1048576K
}
Event: 4627.150 GC heap after
{Heap after GC invocations=59 (full 0):
 garbage-first heap   total 227328K, used 125656K [0x0000000080000000, 0x0000000100000000)
  region size 1024K, 6 young (6144K), 6 survivors (6144K)
 Metaspace       used 114561K, capacity 117137K, committed 117376K, reserved 1150976K
  class space    used 14210K, capacity 15178K, committed 15232K, reserved 1048576K
}
Event: 4627.941 GC heap before
{Heap before GC invocations=60 (full 0):
 garbage-first heap   total 227328K, used 181976K [0x0000000080000000, 0x0000000100000000)
  region size 1024K, 60 young (61440K), 6 survivors (6144K)
 Metaspace       used 117311K, capacity 119969K, committed 120064K, reserved 1153024K
  class space    used 14570K, capacity 15603K, committed 15616K, reserved 1048576K
}
Event: 4627.956 GC heap after
{Heap after GC invocations=61 (full 0):
 garbage-first heap   total 227328K, used 132153K [0x0000000080000000, 0x0000000100000000)
  region size 1024K, 8 young (8192K), 8 survivors (8192K)
 Metaspace       used 117311K, capacity 119969K, committed 120064K, reserved 1153024K
  class space    used 14570K, capacity 15603K, committed 15616K, reserved 1048576K
}
Event: 4628.005 GC heap before
{Heap before GC invocations=61 (full 0):
 garbage-first heap   total 227328K, used 135225K [0x0000000080000000, 0x0000000100000000)
  region size 1024K, 11 young (11264K), 8 survivors (8192K)
 Metaspace       used 117416K, capacity 120097K, committed 120320K, reserved 1155072K
  class space    used 14582K, capacity 15603K, committed 15616K, reserved 1048576K
}
Event: 4628.019 GC heap after
{Heap after GC invocations=62 (full 0):
 garbage-first heap   total 273408K, used 132579K [0x0000000080000000, 0x0000000100000000)
  region size 1024K, 2 young (2048K), 2 survivors (2048K)
 Metaspace       used 117416K, capacity 120097K, committed 120320K, reserved 1155072K
  class space    used 14582K, capacity 15603K, committed 15616K, reserved 1048576K
}
Event: 4629.758 GC heap before
{Heap before GC invocations=62 (full 0):
 garbage-first heap   total 273408K, used 208355K [0x0000000080000000, 0x0000000100000000)
  region size 1024K, 76 young (77824K), 2 survivors (2048K)
 Metaspace       used 121866K, capacity 124811K, committed 125056K, reserved 1157120K
  class space    used 15306K, capacity 16472K, committed 16512K, reserved 1048576K
}
Event: 4629.769 GC heap after
{Heap after GC invocations=63 (full 0):
 garbage-first heap   total 273408K, used 142887K [0x0000000080000000, 0x0000000100000000)
  region size 1024K, 10 young (10240K), 10 survivors (10240K)
 Metaspace       used 121866K, capacity 124811K, committed 125056K, reserved 1157120K
  class space    used 15306K, capacity 16472K, committed 16512K, reserved 1048576K
}
Event: 4630.707 GC heap before
{Heap before GC invocations=63 (full 0):
 garbage-first heap   total 273408K, used 214567K [0x0000000080000000, 0x0000000100000000)
  region size 1024K, 80 young (81920K), 10 survivors (10240K)
 Metaspace       used 123702K, capacity 126740K, committed 126848K, reserved 1159168K
  class space    used 15490K, capacity 16672K, committed 16768K, reserved 1048576K
}
Event: 4630.716 GC heap after
{Heap after GC invocations=64 (full 0):
 garbage-first heap   total 273408K, used 145021K [0x0000000080000000, 0x0000000100000000)
  region size 1024K, 2 young (2048K), 2 survivors (2048K)
 Metaspace       used 123702K, capacity 126740K, committed 126848K, reserved 1159168K
  class space    used 15490K, capacity 16672K, committed 16768K, reserved 1048576K
}
Event: 4631.312 GC heap before
{Heap before GC invocations=64 (full 0):
 garbage-first heap   total 273408K, used 217725K [0x0000000080000000, 0x0000000100000000)
  region size 1024K, 73 young (74752K), 2 survivors (2048K)
 Metaspace       used 124123K, capacity 127133K, committed 127360K, reserved 1159168K
  class space    used 15518K, capacity 16715K, committed 16768K, reserved 1048576K
}
Event: 4631.315 GC heap after
{Heap after GC invocations=65 (full 0):
 garbage-first heap   total 273408K, used 144593K [0x0000000080000000, 0x0000000100000000)
  region size 1024K, 2 young (2048K), 2 survivors (2048K)
 Metaspace       used 124123K, capacity 127133K, committed 127360K, reserved 1159168K
  class space    used 15518K, capacity 16715K, committed 16768K, reserved 1048576K
}
Event: 4631.798 GC heap before
{Heap before GC invocations=65 (full 0):
 garbage-first heap   total 273408K, used 220369K [0x0000000080000000, 0x0000000100000000)
  region size 1024K, 76 young (77824K), 2 survivors (2048K)
 Metaspace       used 124422K, capacity 127407K, committed 127616K, reserved 1161216K
  class space    used 15520K, capacity 16718K, committed 16768K, reserved 1048576K
}
Event: 4631.801 GC heap after
{Heap after GC invocations=66 (full 0):
 garbage-first heap   total 273408K, used 144047K [0x0000000080000000, 0x0000000100000000)
  region size 1024K, 2 young (2048K), 2 survivors (2048K)
 Metaspace       used 124422K, capacity 127407K, committed 127616K, reserved 1161216K
  class space    used 15520K, capacity 16718K, committed 16768K, reserved 1048576K
}

